{"level":"info","message":"Database connection successful","timestamp":"2025-08-22T18:37:16.153Z"}
{"level":"info","message":"Database initialized successfully","timestamp":"2025-08-22T18:37:16.710Z"}
{"level":"info","message":"Server running on port 5000","timestamp":"2025-08-22T18:37:16.722Z"}
{"code":"ENOTFOUND","errno":-3008,"hostname":"dpg-d2kak3be5dus7391csg0-a.oregon-postgres.render.com","level":"error","message":"Database initialization error: getaddrinfo ENOTFOUND dpg-d2kak3be5dus7391csg0-a.oregon-postgres.render.com","stack":"Error: getaddrinfo ENOTFOUND dpg-d2kak3be5dus7391csg0-a.oregon-postgres.render.com\n    at C:\\Users\\ekmgb\\Desktop\\ZORVIXE\\Projects\\DvshortyLinks\\backend\\backend\\node_modules\\pg-pool\\index.js:45:11\n    at process.processTicksAndRejections (node:internal/process/task_queues:95:5)\n    at async initDB (C:\\Users\\ekmgb\\Desktop\\ZORVIXE\\Projects\\DvshortyLinks\\backend\\backend\\server.js:128:5)\n    at async startServer (C:\\Users\\ekmgb\\Desktop\\ZORVIXE\\Projects\\DvshortyLinks\\backend\\backend\\server.js:3232:5)","syscall":"getaddrinfo","timestamp":"2025-08-23T08:59:05.220Z"}
{"level":"info","message":"Database connection successful","timestamp":"2025-08-23T09:15:39.484Z"}
{"level":"info","message":"Database initialized successfully","timestamp":"2025-08-23T09:15:40.050Z"}
{"level":"info","message":"Server running on port 5000","timestamp":"2025-08-23T09:15:40.056Z"}
{"level":"info","message":"Database connection successful","timestamp":"2025-08-23T09:21:10.430Z"}
{"level":"info","message":"Database initialized successfully","timestamp":"2025-08-23T09:21:11.012Z"}
{"level":"info","message":"Server running on port 5000","timestamp":"2025-08-23T09:21:11.034Z"}
{"level":"info","message":"Database connection successful","timestamp":"2025-08-23T09:50:03.310Z"}
{"level":"info","message":"Database initialized successfully","timestamp":"2025-08-23T09:50:03.844Z"}
{"level":"info","message":"Server running on port 5000","timestamp":"2025-08-23T09:50:03.854Z"}
{"level":"info","message":"Database connection successful","timestamp":"2025-08-23T09:53:56.967Z"}
{"level":"info","message":"Database initialized successfully","timestamp":"2025-08-23T09:53:57.496Z"}
{"level":"info","message":"Server running on port 5000","timestamp":"2025-08-23T09:53:57.507Z"}
{"level":"info","message":"Database connection successful","timestamp":"2025-08-23T09:59:05.861Z"}
{"level":"info","message":"Database initialized successfully","timestamp":"2025-08-23T09:59:06.399Z"}
{"level":"info","message":"Server running on port 5000","timestamp":"2025-08-23T09:59:06.408Z"}
{"level":"info","message":"Database connection successful","timestamp":"2025-08-23T11:33:27.685Z"}
{"level":"info","message":"Database initialized successfully","timestamp":"2025-08-23T11:33:28.962Z"}
{"level":"info","message":"Server running on port 5000","timestamp":"2025-08-23T11:33:28.983Z"}
{"level":"info","message":"Database connection successful","timestamp":"2025-08-23T18:50:09.923Z"}
{"level":"info","message":"Database initialized successfully","timestamp":"2025-08-23T18:50:10.465Z"}
{"level":"info","message":"Server running on port 5000","timestamp":"2025-08-23T18:50:10.472Z"}
{"level":"error","message":"Ad redirect error: value too long for type character varying(2)","timestamp":"2025-08-23T18:59:58.382Z"}
{"level":"info","message":"Database connection successful","timestamp":"2025-08-23T20:56:28.047Z"}
{"level":"info","message":"Database initialized successfully","timestamp":"2025-08-23T20:56:28.750Z"}
{"level":"info","message":"Server running on port 5000","timestamp":"2025-08-23T20:56:28.759Z"}
{"level":"info","message":"Database connection successful","timestamp":"2025-08-26T07:36:25.546Z"}
{"level":"info","message":"Database initialized successfully","timestamp":"2025-08-26T07:36:25.593Z"}
{"level":"info","message":"Server running on port 5000","timestamp":"2025-08-26T07:36:25.595Z"}
{"level":"info","message":"Database connection successful","timestamp":"2025-08-26T07:36:53.458Z"}
{"level":"info","message":"Database initialized successfully","timestamp":"2025-08-26T07:36:53.464Z"}
{"level":"info","message":"Server running on port 5000","timestamp":"2025-08-26T07:36:53.465Z"}
{"level":"info","message":"Database connection successful","timestamp":"2025-08-26T07:43:02.442Z"}
{"level":"info","message":"Database initialized successfully","timestamp":"2025-08-26T07:43:02.450Z"}
{"level":"info","message":"Server running on port 5000","timestamp":"2025-08-26T07:43:02.452Z"}
{"level":"info","message":"Database connection successful","timestamp":"2025-08-26T07:43:02.576Z"}
{"level":"info","message":"Database initialized successfully","timestamp":"2025-08-26T07:43:02.581Z"}
{"level":"info","message":"Server running on port 5000","timestamp":"2025-08-26T07:43:02.582Z"}
{"level":"info","message":"Database connection successful","timestamp":"2025-08-26T07:52:19.522Z"}
{"level":"info","message":"Database initialized successfully","timestamp":"2025-08-26T07:52:19.528Z"}
{"level":"info","message":"Server running on port 5000","timestamp":"2025-08-26T07:52:19.529Z"}
{"level":"info","message":"Database connection successful","timestamp":"2025-08-26T08:03:50.151Z"}
{"level":"info","message":"Database initialized successfully","timestamp":"2025-08-26T08:03:50.157Z"}
{"level":"info","message":"Server running on port 5000","timestamp":"2025-08-26T08:03:50.158Z"}
{"level":"info","message":"Database connection successful","timestamp":"2025-08-26T12:52:09.371Z"}
{"level":"info","message":"Database initialized successfully","timestamp":"2025-08-26T12:52:09.377Z"}
{"level":"info","message":"Server running on port 5000","timestamp":"2025-08-26T12:52:09.380Z"}
{"level":"info","message":"Database connection successful","timestamp":"2025-08-26T13:04:05.537Z"}
{"level":"info","message":"Database initialized successfully","timestamp":"2025-08-26T13:04:05.544Z"}
{"level":"info","message":"Server running on port 5000","timestamp":"2025-08-26T13:04:05.546Z"}
{"level":"warn","message":"Failed login attempt for username: udaykumarbandari70@gmail.com","timestamp":"2025-08-26T14:10:22.249Z"}
{"level":"error","message":"Ad redirect error: value too long for type character varying(2)","timestamp":"2025-08-26T14:12:58.485Z"}
{"level":"info","message":"New admin registered: udaykumarbandari70@gmail.com","timestamp":"2025-08-26T14:16:45.127Z"}
{"level":"error","message":"recent-activity error: column \"updated_at\" does not exist","timestamp":"2025-08-26T14:16:45.983Z"}
{"level":"error","message":"recent-activity error: column \"updated_at\" does not exist","timestamp":"2025-08-26T14:21:23.310Z"}
{"level":"warn","message":"Failed admin login attempt for username: Ekambaram","timestamp":"2025-08-26T14:45:12.118Z"}
{"level":"info","message":"New admin registered: ekambaramgolla1998@gmail.com","timestamp":"2025-08-26T14:45:21.767Z"}
{"level":"error","message":"recent-activity error: column \"updated_at\" does not exist","timestamp":"2025-08-26T14:45:22.307Z"}
